<?xml version="1.0" encoding="UTF-8"?>
<testsuites>
  <testsuite name="addons/vitest/src/addon.stories.ts" time="153" timestamp="2024-07-29T18:09:36.900Z" tests="5" failures="1" errors="1" skipped="1">
    <testcase classname="addons/vitest/src/addon.stories.ts" name="Success"></testcase>
    <testcase classname="addons/vitest/src/addon.stories.ts" name="Warn">
      <failure message="
[34mClick to debug the error directly in Storybook: undefined/?path=/story/example-button--responsive-desktop&amp;addonPanel=storybook/interactions/panel[39m

Unable to find an element with the text: 2560 x 1280. This could be because the text is broken up by multiple elements. In this case, you can provide a function for your text matcher to make your matcher more flexible.

Ignored nodes: comments, script, style
[36m&lt;body&gt;[39m
  [36m&lt;div&gt;[39m
    [36m&lt;p&gt;[39m
      [0mThe current viewport is:[0m
    [36m&lt;/p&gt;[39m
    [36m&lt;strong&gt;[39m
      [0mDesktop[0m
    [36m&lt;/strong&gt;[39m
    [36m&lt;p&gt;[39m
      [0mThe current dimensions are:[0m
    [36m&lt;/p&gt;[39m
    [36m&lt;strong&gt;[39m
      [0m1024[0m
      [0m x [0m
      [0m768[0m
    [36m&lt;/strong&gt;[39m
  [36m&lt;/div&gt;[39m
[36m&lt;/body&gt;[39m" type="TestingLibraryElementError">
TestingLibraryElementError:
Click to debug the error directly in Storybook: undefined/?path=/story/example-button--responsive-desktop&amp;addonPanel=storybook/interactions/panel

Unable to find an element with the text: 2560 x 1280. This could be because the text is broken up by multiple elements. In this case, you can provide a function for your text matcher to make your matcher more flexible.

Ignored nodes: comments, script, style
&lt;body&gt;
  &lt;div&gt;
    &lt;p&gt;
      The current viewport is:
    &lt;/p&gt;
    &lt;strong&gt;
      Desktop
    &lt;/strong&gt;
    &lt;p&gt;
      The current dimensions are:
    &lt;/p&gt;
    &lt;strong&gt;
      1024
       x
      768
    &lt;/strong&gt;
  &lt;/div&gt;
&lt;/body&gt;
 ❯ Object.getElementError ../node_modules/.pnpm/@storybook+test@8.3.0-alpha.2_storybook@8.3.0-alpha.2_@babel+preset-env@7.24.6_@babel+core@7._khsvqtlkubcq5hp6mmokoxkcx4/node_modules/@storybook/test/dist/index.mjs:132:360
 ❯ ../node_modules/.pnpm/@storybook+test@8.3.0-alpha.2_storybook@8.3.0-alpha.2_@babel+preset-env@7.24.6_@babel+core@7._khsvqtlkubcq5hp6mmokoxkcx4/node_modules/@storybook/test/dist/index.mjs:154:286
 ❯ ../node_modules/.pnpm/@storybook+test@8.3.0-alpha.2_storybook@8.3.0-alpha.2_@babel+preset-env@7.24.6_@babel+core@7._khsvqtlkubcq5hp6mmokoxkcx4/node_modules/@storybook/test/dist/index.mjs:146:6814
 ❯ ../node_modules/.pnpm/@storybook+test@8.3.0-alpha.2_storybook@8.3.0-alpha.2_@babel+preset-env@7.24.6_@babel+core@7._khsvqtlkubcq5hp6mmokoxkcx4/node_modules/@storybook/test/dist/index.mjs:154:743
 ❯ play src/Button.stories.tsx:107:31
 ❯ playStory ../node_modules/.pnpm/@storybook+core@8.3.0-alpha.2/node_modules/@storybook/core/dist/preview-api/index.cjs:5732:7
 ❯ ../packages/vitest-plugin-storybook/dist/test-utils.js:305:5
      </failure>
    </testcase>
    <testcase classname="addons/vitest/src/addon.stories.ts" name="Error">
      <error message="TypeError: Cannot read properties of undefined (reading 'map')"></error>
    </testcase>
    <testcase classname="addons/vitest/src/addon.stories.ts" name="Unknown">
      <skipped/>
    </testcase>
  </testsuite>
</testsuites>
